build/app/intermediates/manifest_merge_blame_file/debug/manifest-merger-blame-debug-report.txt
1<?xml version="1.0" encoding="utf-8"?>
2<manifest xmlns:android="http://schemas.android.com/apk/res/android"
3    package="com.example.lostitems"
4    android:versionCode="1"
5    android:versionName="1.0.0" >
6
7    <uses-sdk
8        android:minSdkVersion="19"
9        android:targetSdkVersion="31" />
10    <!--
11         The INTERNET permission is required for development. Specifically,
12         the Flutter tool needs it to communicate with the running application
13         to allow setting breakpoints, to provide hot reload, etc.
14    -->
15    <uses-permission android:name="android.permission.INTERNET" />
15-->src\debug\AndroidManifest.xml:7:5-66
15-->src\debug\AndroidManifest.xml:7:22-64
16    <uses-permission android:name="android.permission.WAKE_LOCK" />
16-->[:firebase_messaging] AndroidManifest.xml:10:5-68
16-->[:firebase_messaging] AndroidManifest.xml:10:22-65
17    <uses-permission android:name="android.permission.ACCESS_NETWORK_STATE" /> <!-- Permissions options for the `notification` group -->
17-->[:firebase_messaging] AndroidManifest.xml:11:5-79
17-->[:firebase_messaging] AndroidManifest.xml:11:22-76
18    <uses-permission android:name="android.permission.POST_NOTIFICATIONS" /> <!-- Required by older versions of Google Play services to create IID tokens -->
18-->[:firebase_messaging] AndroidManifest.xml:13:5-77
18-->[:firebase_messaging] AndroidManifest.xml:13:22-74
19    <uses-permission android:name="com.google.android.c2dm.permission.RECEIVE" />
19-->[com.google.firebase:firebase-messaging:23.1.1] AndroidManifest.xml:28:5-82
19-->[com.google.firebase:firebase-messaging:23.1.1] AndroidManifest.xml:28:22-79
20
21    <application
22        android:name="android.app.Application"
23        android:appComponentFactory="androidx.core.app.CoreComponentFactory"
23-->[androidx.core:core:1.6.0] AndroidManifest.xml:24:18-86
24        android:debuggable="true"
25        android:icon="@mipmap/ic_launcher"
26        android:label="lostitems" >
27        <activity
28            android:name="com.example.lostitems.MainActivity"
29            android:configChanges="orientation|keyboardHidden|keyboard|screenSize|smallestScreenSize|locale|layoutDirection|fontScale|screenLayout|density|uiMode"
30            android:exported="true"
31            android:hardwareAccelerated="true"
32            android:launchMode="singleTop"
33            android:theme="@style/LaunchTheme"
34            android:windowSoftInputMode="adjustResize" >
35
36            <!--
37                 Specifies an Android theme to apply to this Activity as soon as
38                 the Android process has started. This theme is visible to the user
39                 while the Flutter UI initializes. After that, this theme continues
40                 to determine the Window background behind the Flutter UI.
41            -->
42            <meta-data
43                android:name="io.flutter.embedding.android.NormalTheme"
44                android:resource="@style/NormalTheme" />
45
46            <intent-filter>
47                <action android:name="android.intent.action.MAIN" />
48
49                <category android:name="android.intent.category.LAUNCHER" />
50            </intent-filter>
51        </activity>
52        <!--
53             Don't delete the meta-data below.
54             This is used by the Flutter tool to generate GeneratedPluginRegistrant.java
55        -->
56        <meta-data
57            android:name="flutterEmbedding"
58            android:value="2" />
59
60        <service
60-->[:firebase_auth] AndroidManifest.xml:10:9-14:19
61            android:name="com.google.firebase.components.ComponentDiscoveryService"
61-->[:firebase_auth] AndroidManifest.xml:10:18-89
62            android:directBootAware="true"
62-->[com.google.firebase:firebase-common:20.2.0] AndroidManifest.xml:34:13-43
63            android:exported="false" >
63-->[com.google.firebase:firebase-messaging:23.1.1] AndroidManifest.xml:54:13-37
64            <meta-data
64-->[:firebase_auth] AndroidManifest.xml:11:13-13:85
65                android:name="com.google.firebase.components:io.flutter.plugins.firebase.auth.FlutterFirebaseAuthRegistrar"
65-->[:firebase_auth] AndroidManifest.xml:12:17-124
66                android:value="com.google.firebase.components.ComponentRegistrar" />
66-->[:firebase_auth] AndroidManifest.xml:13:17-82
67            <meta-data
67-->[:cloud_firestore] AndroidManifest.xml:11:13-13:85
68                android:name="com.google.firebase.components:io.flutter.plugins.firebase.firestore.FlutterFirebaseFirestoreRegistrar"
68-->[:cloud_firestore] AndroidManifest.xml:12:17-134
69                android:value="com.google.firebase.components.ComponentRegistrar" />
69-->[:cloud_firestore] AndroidManifest.xml:13:17-82
70            <meta-data
70-->[:firebase_messaging] AndroidManifest.xml:38:13-40:85
71                android:name="com.google.firebase.components:io.flutter.plugins.firebase.messaging.FlutterFirebaseAppRegistrar"
71-->[:firebase_messaging] AndroidManifest.xml:39:17-128
72                android:value="com.google.firebase.components.ComponentRegistrar" />
72-->[:firebase_messaging] AndroidManifest.xml:40:17-82
73            <meta-data
73-->[:firebase_core] AndroidManifest.xml:11:13-13:85
74                android:name="com.google.firebase.components:io.flutter.plugins.firebase.core.FlutterFirebaseCoreRegistrar"
74-->[:firebase_core] AndroidManifest.xml:12:17-124
75                android:value="com.google.firebase.components.ComponentRegistrar" />
75-->[:firebase_core] AndroidManifest.xml:13:17-82
76            <meta-data
76-->[com.google.firebase:firebase-messaging:23.1.1] AndroidManifest.xml:55:13-57:85
77                android:name="com.google.firebase.components:com.google.firebase.messaging.FirebaseMessagingRegistrar"
77-->[com.google.firebase:firebase-messaging:23.1.1] AndroidManifest.xml:56:17-119
78                android:value="com.google.firebase.components.ComponentRegistrar" />
78-->[com.google.firebase:firebase-messaging:23.1.1] AndroidManifest.xml:57:17-82
79            <meta-data
79-->[com.google.firebase:firebase-datatransport:18.1.7] AndroidManifest.xml:27:13-29:85
80                android:name="com.google.firebase.components:com.google.firebase.datatransport.TransportRegistrar"
80-->[com.google.firebase:firebase-datatransport:18.1.7] AndroidManifest.xml:28:17-115
81                android:value="com.google.firebase.components.ComponentRegistrar" />
81-->[com.google.firebase:firebase-datatransport:18.1.7] AndroidManifest.xml:29:17-82
82            <meta-data
82-->[com.google.firebase:firebase-auth:21.1.0] AndroidManifest.xml:67:13-69:85
83                android:name="com.google.firebase.components:com.google.firebase.auth.FirebaseAuthRegistrar"
83-->[com.google.firebase:firebase-auth:21.1.0] AndroidManifest.xml:68:17-109
84                android:value="com.google.firebase.components.ComponentRegistrar" />
84-->[com.google.firebase:firebase-auth:21.1.0] AndroidManifest.xml:69:17-82
85            <meta-data
85-->[com.google.firebase:firebase-firestore:24.4.1] AndroidManifest.xml:19:13-21:85
86                android:name="com.google.firebase.components:com.google.firebase.firestore.FirestoreRegistrar"
86-->[com.google.firebase:firebase-firestore:24.4.1] AndroidManifest.xml:20:17-111
87                android:value="com.google.firebase.components.ComponentRegistrar" />
87-->[com.google.firebase:firebase-firestore:24.4.1] AndroidManifest.xml:21:17-82
88            <meta-data
88-->[com.google.firebase:firebase-iid:21.1.0] AndroidManifest.xml:32:13-34:85
89                android:name="com.google.firebase.components:com.google.firebase.iid.Registrar"
89-->[com.google.firebase:firebase-iid:21.1.0] AndroidManifest.xml:33:17-96
90                android:value="com.google.firebase.components.ComponentRegistrar" />
90-->[com.google.firebase:firebase-iid:21.1.0] AndroidManifest.xml:34:17-82
91            <meta-data
91-->[com.google.firebase:firebase-installations:17.1.0] AndroidManifest.xml:17:13-19:85
92                android:name="com.google.firebase.components:com.google.firebase.installations.FirebaseInstallationsRegistrar"
92-->[com.google.firebase:firebase-installations:17.1.0] AndroidManifest.xml:18:17-127
93                android:value="com.google.firebase.components.ComponentRegistrar" />
93-->[com.google.firebase:firebase-installations:17.1.0] AndroidManifest.xml:19:17-82
94        </service>
95        <service
95-->[:firebase_messaging] AndroidManifest.xml:16:9-19:72
96            android:name="io.flutter.plugins.firebase.messaging.FlutterFirebaseMessagingBackgroundService"
96-->[:firebase_messaging] AndroidManifest.xml:17:13-107
97            android:exported="false"
97-->[:firebase_messaging] AndroidManifest.xml:18:13-37
98            android:permission="android.permission.BIND_JOB_SERVICE" />
98-->[:firebase_messaging] AndroidManifest.xml:19:13-69
99        <service
99-->[:firebase_messaging] AndroidManifest.xml:20:9-26:19
100            android:name="io.flutter.plugins.firebase.messaging.FlutterFirebaseMessagingService"
100-->[:firebase_messaging] AndroidManifest.xml:21:13-97
101            android:exported="false" >
101-->[:firebase_messaging] AndroidManifest.xml:22:13-37
102            <intent-filter>
102-->[:firebase_messaging] AndroidManifest.xml:23:13-25:29
103                <action android:name="com.google.firebase.MESSAGING_EVENT" />
103-->[:firebase_messaging] AndroidManifest.xml:24:17-78
103-->[:firebase_messaging] AndroidManifest.xml:24:25-75
104            </intent-filter>
105        </service>
106
107        <receiver
107-->[:firebase_messaging] AndroidManifest.xml:28:9-35:20
108            android:name="io.flutter.plugins.firebase.messaging.FlutterFirebaseMessagingReceiver"
108-->[:firebase_messaging] AndroidManifest.xml:29:13-98
109            android:exported="true"
109-->[:firebase_messaging] AndroidManifest.xml:30:13-36
110            android:permission="com.google.android.c2dm.permission.SEND" >
110-->[:firebase_messaging] AndroidManifest.xml:31:13-73
111            <intent-filter>
111-->[:firebase_messaging] AndroidManifest.xml:32:13-34:29
112                <action android:name="com.google.android.c2dm.intent.RECEIVE" />
112-->[:firebase_messaging] AndroidManifest.xml:33:17-81
112-->[:firebase_messaging] AndroidManifest.xml:33:25-78
113            </intent-filter>
114        </receiver>
115
116        <provider
116-->[:firebase_messaging] AndroidManifest.xml:43:9-47:38
117            android:name="io.flutter.plugins.firebase.messaging.FlutterFirebaseMessagingInitProvider"
117-->[:firebase_messaging] AndroidManifest.xml:44:13-102
118            android:authorities="com.example.lostitems.flutterfirebasemessaginginitprovider"
118-->[:firebase_messaging] AndroidManifest.xml:45:13-88
119            android:exported="false"
119-->[:firebase_messaging] AndroidManifest.xml:46:13-37
120            android:initOrder="99" />
120-->[:firebase_messaging] AndroidManifest.xml:47:13-35
121
122        <uses-library
122-->[androidx.window:window:1.0.0-beta04] AndroidManifest.xml:25:9-27:40
123            android:name="androidx.window.extensions"
123-->[androidx.window:window:1.0.0-beta04] AndroidManifest.xml:26:13-54
124            android:required="false" />
124-->[androidx.window:window:1.0.0-beta04] AndroidManifest.xml:27:13-37
125        <uses-library
125-->[androidx.window:window:1.0.0-beta04] AndroidManifest.xml:28:9-30:40
126            android:name="androidx.window.sidecar"
126-->[androidx.window:window:1.0.0-beta04] AndroidManifest.xml:29:13-51
127            android:required="false" />
127-->[androidx.window:window:1.0.0-beta04] AndroidManifest.xml:30:13-37
128
129        <receiver
129-->[com.google.firebase:firebase-messaging:23.1.1] AndroidManifest.xml:31:9-38:20
130            android:name="com.google.firebase.iid.FirebaseInstanceIdReceiver"
130-->[com.google.firebase:firebase-messaging:23.1.1] AndroidManifest.xml:32:13-78
131            android:exported="true"
131-->[com.google.firebase:firebase-messaging:23.1.1] AndroidManifest.xml:33:13-36
132            android:permission="com.google.android.c2dm.permission.SEND" >
132-->[com.google.firebase:firebase-messaging:23.1.1] AndroidManifest.xml:34:13-73
133            <intent-filter>
133-->[:firebase_messaging] AndroidManifest.xml:32:13-34:29
134                <action android:name="com.google.android.c2dm.intent.RECEIVE" />
134-->[:firebase_messaging] AndroidManifest.xml:33:17-81
134-->[:firebase_messaging] AndroidManifest.xml:33:25-78
135            </intent-filter>
136        </receiver>
137        <!--
138             FirebaseMessagingService performs security checks at runtime,
139             but set to not exported to explicitly avoid allowing another app to call it.
140        -->
141        <service
141-->[com.google.firebase:firebase-messaging:23.1.1] AndroidManifest.xml:44:9-51:19
142            android:name="com.google.firebase.messaging.FirebaseMessagingService"
142-->[com.google.firebase:firebase-messaging:23.1.1] AndroidManifest.xml:45:13-82
143            android:directBootAware="true"
143-->[com.google.firebase:firebase-messaging:23.1.1] AndroidManifest.xml:46:13-43
144            android:exported="false" >
144-->[com.google.firebase:firebase-messaging:23.1.1] AndroidManifest.xml:47:13-37
145            <intent-filter android:priority="-500" >
145-->[:firebase_messaging] AndroidManifest.xml:23:13-25:29
146                <action android:name="com.google.firebase.MESSAGING_EVENT" />
146-->[:firebase_messaging] AndroidManifest.xml:24:17-78
146-->[:firebase_messaging] AndroidManifest.xml:24:25-75
147            </intent-filter>
148        </service>
149        <service
149-->[com.google.android.datatransport:transport-backend-cct:3.1.8] AndroidManifest.xml:28:9-34:19
150            android:name="com.google.android.datatransport.runtime.backends.TransportBackendDiscovery"
150-->[com.google.android.datatransport:transport-backend-cct:3.1.8] AndroidManifest.xml:29:13-103
151            android:exported="false" >
151-->[com.google.android.datatransport:transport-backend-cct:3.1.8] AndroidManifest.xml:30:13-37
152            <meta-data
152-->[com.google.android.datatransport:transport-backend-cct:3.1.8] AndroidManifest.xml:31:13-33:39
153                android:name="backend:com.google.android.datatransport.cct.CctBackendFactory"
153-->[com.google.android.datatransport:transport-backend-cct:3.1.8] AndroidManifest.xml:32:17-94
154                android:value="cct" />
154-->[com.google.android.datatransport:transport-backend-cct:3.1.8] AndroidManifest.xml:33:17-36
155        </service>
156        <service
156-->[com.google.android.datatransport:transport-runtime:3.1.8] AndroidManifest.xml:26:9-30:19
157            android:name="com.google.android.datatransport.runtime.scheduling.jobscheduling.JobInfoSchedulerService"
157-->[com.google.android.datatransport:transport-runtime:3.1.8] AndroidManifest.xml:27:13-117
158            android:exported="false"
158-->[com.google.android.datatransport:transport-runtime:3.1.8] AndroidManifest.xml:28:13-37
159            android:permission="android.permission.BIND_JOB_SERVICE" >
159-->[com.google.android.datatransport:transport-runtime:3.1.8] AndroidManifest.xml:29:13-69
160        </service>
161
162        <receiver
162-->[com.google.android.datatransport:transport-runtime:3.1.8] AndroidManifest.xml:32:9-34:40
163            android:name="com.google.android.datatransport.runtime.scheduling.jobscheduling.AlarmManagerSchedulerBroadcastReceiver"
163-->[com.google.android.datatransport:transport-runtime:3.1.8] AndroidManifest.xml:33:13-132
164            android:exported="false" />
164-->[com.google.android.datatransport:transport-runtime:3.1.8] AndroidManifest.xml:34:13-37
165
166        <activity
166-->[com.google.firebase:firebase-auth:21.1.0] AndroidManifest.xml:27:9-44:20
167            android:name="com.google.firebase.auth.internal.GenericIdpActivity"
167-->[com.google.firebase:firebase-auth:21.1.0] AndroidManifest.xml:28:13-80
168            android:excludeFromRecents="true"
168-->[com.google.firebase:firebase-auth:21.1.0] AndroidManifest.xml:29:13-46
169            android:exported="true"
169-->[com.google.firebase:firebase-auth:21.1.0] AndroidManifest.xml:30:13-36
170            android:launchMode="singleTask"
170-->[com.google.firebase:firebase-auth:21.1.0] AndroidManifest.xml:31:13-44
171            android:theme="@android:style/Theme.Translucent.NoTitleBar" >
171-->[com.google.firebase:firebase-auth:21.1.0] AndroidManifest.xml:32:13-72
172            <intent-filter>
172-->[com.google.firebase:firebase-auth:21.1.0] AndroidManifest.xml:33:13-43:29
173                <action android:name="android.intent.action.VIEW" />
173-->[com.google.firebase:firebase-auth:21.1.0] AndroidManifest.xml:34:17-69
173-->[com.google.firebase:firebase-auth:21.1.0] AndroidManifest.xml:34:25-66
174
175                <category android:name="android.intent.category.DEFAULT" />
175-->[com.google.firebase:firebase-auth:21.1.0] AndroidManifest.xml:36:17-76
175-->[com.google.firebase:firebase-auth:21.1.0] AndroidManifest.xml:36:27-73
176                <category android:name="android.intent.category.BROWSABLE" />
176-->[com.google.firebase:firebase-auth:21.1.0] AndroidManifest.xml:37:17-78
176-->[com.google.firebase:firebase-auth:21.1.0] AndroidManifest.xml:37:27-75
177
178                <data
178-->[com.google.firebase:firebase-auth:21.1.0] AndroidManifest.xml:39:17-42:51
179                    android:host="firebase.auth"
179-->[com.google.firebase:firebase-auth:21.1.0] AndroidManifest.xml:40:21-49
180                    android:path="/"
180-->[com.google.firebase:firebase-auth:21.1.0] AndroidManifest.xml:41:21-37
181                    android:scheme="genericidp" />
181-->[com.google.firebase:firebase-auth:21.1.0] AndroidManifest.xml:42:21-48
182            </intent-filter>
183        </activity>
184        <activity
184-->[com.google.firebase:firebase-auth:21.1.0] AndroidManifest.xml:45:9-62:20
185            android:name="com.google.firebase.auth.internal.RecaptchaActivity"
185-->[com.google.firebase:firebase-auth:21.1.0] AndroidManifest.xml:46:13-79
186            android:excludeFromRecents="true"
186-->[com.google.firebase:firebase-auth:21.1.0] AndroidManifest.xml:47:13-46
187            android:exported="true"
187-->[com.google.firebase:firebase-auth:21.1.0] AndroidManifest.xml:48:13-36
188            android:launchMode="singleTask"
188-->[com.google.firebase:firebase-auth:21.1.0] AndroidManifest.xml:49:13-44
189            android:theme="@android:style/Theme.Translucent.NoTitleBar" >
189-->[com.google.firebase:firebase-auth:21.1.0] AndroidManifest.xml:50:13-72
190            <intent-filter>
190-->[com.google.firebase:firebase-auth:21.1.0] AndroidManifest.xml:51:13-61:29
191                <action android:name="android.intent.action.VIEW" />
191-->[com.google.firebase:firebase-auth:21.1.0] AndroidManifest.xml:34:17-69
191-->[com.google.firebase:firebase-auth:21.1.0] AndroidManifest.xml:34:25-66
192
193                <category android:name="android.intent.category.DEFAULT" />
193-->[com.google.firebase:firebase-auth:21.1.0] AndroidManifest.xml:36:17-76
193-->[com.google.firebase:firebase-auth:21.1.0] AndroidManifest.xml:36:27-73
194                <category android:name="android.intent.category.BROWSABLE" />
194-->[com.google.firebase:firebase-auth:21.1.0] AndroidManifest.xml:37:17-78
194-->[com.google.firebase:firebase-auth:21.1.0] AndroidManifest.xml:37:27-75
195
196                <data
196-->[com.google.firebase:firebase-auth:21.1.0] AndroidManifest.xml:39:17-42:51
197                    android:host="firebase.auth"
197-->[com.google.firebase:firebase-auth:21.1.0] AndroidManifest.xml:40:21-49
198                    android:path="/"
198-->[com.google.firebase:firebase-auth:21.1.0] AndroidManifest.xml:41:21-37
199                    android:scheme="recaptcha" />
199-->[com.google.firebase:firebase-auth:21.1.0] AndroidManifest.xml:42:21-48
200            </intent-filter>
201        </activity>
202
203        <provider
203-->[com.google.firebase:firebase-common:20.2.0] AndroidManifest.xml:25:9-30:39
204            android:name="com.google.firebase.provider.FirebaseInitProvider"
204-->[com.google.firebase:firebase-common:20.2.0] AndroidManifest.xml:26:13-77
205            android:authorities="com.example.lostitems.firebaseinitprovider"
205-->[com.google.firebase:firebase-common:20.2.0] AndroidManifest.xml:27:13-72
206            android:directBootAware="true"
206-->[com.google.firebase:firebase-common:20.2.0] AndroidManifest.xml:28:13-43
207            android:exported="false"
207-->[com.google.firebase:firebase-common:20.2.0] AndroidManifest.xml:29:13-37
208            android:initOrder="100" />
208-->[com.google.firebase:firebase-common:20.2.0] AndroidManifest.xml:30:13-36
209
210        <activity
210-->[com.google.android.gms:play-services-base:18.0.1] AndroidManifest.xml:20:9-22:45
211            android:name="com.google.android.gms.common.api.GoogleApiActivity"
211-->[com.google.android.gms:play-services-base:18.0.1] AndroidManifest.xml:20:19-85
212            android:exported="false"
212-->[com.google.android.gms:play-services-base:18.0.1] AndroidManifest.xml:22:19-43
213            android:theme="@android:style/Theme.Translucent.NoTitleBar" />
213-->[com.google.android.gms:play-services-base:18.0.1] AndroidManifest.xml:21:19-78
214
215        <meta-data
215-->[com.google.android.gms:play-services-basement:18.1.0] AndroidManifest.xml:21:9-23:69
216            android:name="com.google.android.gms.version"
216-->[com.google.android.gms:play-services-basement:18.1.0] AndroidManifest.xml:22:13-58
217            android:value="@integer/google_play_services_version" />
217-->[com.google.android.gms:play-services-basement:18.1.0] AndroidManifest.xml:23:13-66
218    </application>
219
220</manifest>